2022-03-30T05:49:59+00:00 CRITICAL syntax error, unexpected '$array' (T_VARIABLE), expecting ')' in /var/www/html/dna-projects/groundcontrol_new/wp-content/themes/groundcontrol/inc/custom_functions.php on line 496

2022-03-30T05:50:02+00:00 CRITICAL syntax error, unexpected '$array' (T_VARIABLE), expecting ')' in /var/www/html/dna-projects/groundcontrol_new/wp-content/themes/groundcontrol/inc/custom_functions.php on line 496

2022-03-30T05:50:17+00:00 CRITICAL syntax error, unexpected '$array' (T_VARIABLE), expecting ')' in /var/www/html/dna-projects/groundcontrol_new/wp-content/themes/groundcontrol/inc/custom_functions.php on line 496

2022-03-30T05:50:17+00:00 CRITICAL syntax error, unexpected '$array' (T_VARIABLE), expecting ')' in /var/www/html/dna-projects/groundcontrol_new/wp-content/themes/groundcontrol/inc/custom_functions.php on line 496

2022-03-30T05:50:17+00:00 CRITICAL syntax error, unexpected '$array' (T_VARIABLE), expecting ')' in /var/www/html/dna-projects/groundcontrol_new/wp-content/themes/groundcontrol/inc/custom_functions.php on line 496

2022-03-30T05:50:17+00:00 CRITICAL syntax error, unexpected '$array' (T_VARIABLE), expecting ')' in /var/www/html/dna-projects/groundcontrol_new/wp-content/themes/groundcontrol/inc/custom_functions.php on line 496

2022-03-30T05:50:17+00:00 CRITICAL syntax error, unexpected '$array' (T_VARIABLE), expecting ')' in /var/www/html/dna-projects/groundcontrol_new/wp-content/themes/groundcontrol/inc/custom_functions.php on line 496

2022-03-30T05:50:27+00:00 CRITICAL syntax error, unexpected '$array' (T_VARIABLE), expecting ')' in /var/www/html/dna-projects/groundcontrol_new/wp-content/themes/groundcontrol/inc/custom_functions.php on line 496

2022-03-30T05:50:27+00:00 CRITICAL syntax error, unexpected '$array' (T_VARIABLE), expecting ')' in /var/www/html/dna-projects/groundcontrol_new/wp-content/themes/groundcontrol/inc/custom_functions.php on line 496

2022-03-30T05:50:27+00:00 CRITICAL syntax error, unexpected '$array' (T_VARIABLE), expecting ')' in /var/www/html/dna-projects/groundcontrol_new/wp-content/themes/groundcontrol/inc/custom_functions.php on line 496

2022-03-30T05:50:27+00:00 CRITICAL syntax error, unexpected '$array' (T_VARIABLE), expecting ')' in /var/www/html/dna-projects/groundcontrol_new/wp-content/themes/groundcontrol/inc/custom_functions.php on line 496

2022-03-30T05:50:27+00:00 CRITICAL syntax error, unexpected '$array' (T_VARIABLE), expecting ')' in /var/www/html/dna-projects/groundcontrol_new/wp-content/themes/groundcontrol/inc/custom_functions.php on line 496

2022-03-30T05:50:27+00:00 CRITICAL syntax error, unexpected '$array' (T_VARIABLE), expecting ')' in /var/www/html/dna-projects/groundcontrol_new/wp-content/themes/groundcontrol/inc/custom_functions.php on line 496

2022-03-30T05:50:37+00:00 CRITICAL syntax error, unexpected '$array' (T_VARIABLE), expecting ')' in /var/www/html/dna-projects/groundcontrol_new/wp-content/themes/groundcontrol/inc/custom_functions.php on line 496

2022-03-30T05:50:38+00:00 CRITICAL syntax error, unexpected '$array' (T_VARIABLE), expecting ')' in /var/www/html/dna-projects/groundcontrol_new/wp-content/themes/groundcontrol/inc/custom_functions.php on line 496

2022-03-30T05:50:38+00:00 CRITICAL syntax error, unexpected '$array' (T_VARIABLE), expecting ')' in /var/www/html/dna-projects/groundcontrol_new/wp-content/themes/groundcontrol/inc/custom_functions.php on line 496

2022-03-30T05:50:38+00:00 CRITICAL syntax error, unexpected '$array' (T_VARIABLE), expecting ')' in /var/www/html/dna-projects/groundcontrol_new/wp-content/themes/groundcontrol/inc/custom_functions.php on line 496

2022-03-30T05:50:38+00:00 CRITICAL syntax error, unexpected '$array' (T_VARIABLE), expecting ')' in /var/www/html/dna-projects/groundcontrol_new/wp-content/themes/groundcontrol/inc/custom_functions.php on line 496

2022-03-30T05:50:42+00:00 CRITICAL syntax error, unexpected '$array' (T_VARIABLE), expecting ')' in /var/www/html/dna-projects/groundcontrol_new/wp-content/themes/groundcontrol/inc/custom_functions.php on line 496

2022-03-30T05:51:21+00:00 CRITICAL syntax error, unexpected '$array' (T_VARIABLE), expecting ')' in /var/www/html/dna-projects/groundcontrol_new/wp-content/themes/groundcontrol/inc/custom_functions.php on line 496

2022-03-30T05:52:00+00:00 CRITICAL syntax error, unexpected '$array' (T_VARIABLE), expecting ')' in /var/www/html/dna-projects/groundcontrol_new/wp-content/themes/groundcontrol/inc/custom_functions.php on line 496

2022-03-30T05:52:02+00:00 CRITICAL syntax error, unexpected '$array' (T_VARIABLE), expecting ')' in /var/www/html/dna-projects/groundcontrol_new/wp-content/themes/groundcontrol/inc/custom_functions.php on line 496

2022-03-30T07:15:33+00:00 CRITICAL syntax error, unexpected ';', expecting ')' in /var/www/html/dna-projects/groundcontrol_new/wp-content/themes/groundcontrol/inc/custom_functions.php on line 478

2022-03-30T07:16:29+00:00 CRITICAL syntax error, unexpected ';', expecting ')' in /var/www/html/dna-projects/groundcontrol_new/wp-content/themes/groundcontrol/inc/custom_functions.php on line 478

2022-03-30T07:16:51+00:00 CRITICAL syntax error, unexpected ';', expecting ')' in /var/www/html/dna-projects/groundcontrol_new/wp-content/themes/groundcontrol/inc/custom_functions.php on line 478

2022-03-30T07:16:51+00:00 CRITICAL syntax error, unexpected ';', expecting ')' in /var/www/html/dna-projects/groundcontrol_new/wp-content/themes/groundcontrol/inc/custom_functions.php on line 478

2022-03-30T07:16:51+00:00 CRITICAL syntax error, unexpected ';', expecting ')' in /var/www/html/dna-projects/groundcontrol_new/wp-content/themes/groundcontrol/inc/custom_functions.php on line 478

2022-03-30T07:16:51+00:00 CRITICAL syntax error, unexpected ';', expecting ')' in /var/www/html/dna-projects/groundcontrol_new/wp-content/themes/groundcontrol/inc/custom_functions.php on line 478

2022-03-30T07:16:51+00:00 CRITICAL syntax error, unexpected ';', expecting ')' in /var/www/html/dna-projects/groundcontrol_new/wp-content/themes/groundcontrol/inc/custom_functions.php on line 478

2022-03-30T07:17:00+00:00 CRITICAL syntax error, unexpected ';', expecting ')' in /var/www/html/dna-projects/groundcontrol_new/wp-content/themes/groundcontrol/inc/custom_functions.php on line 478

2022-03-30T07:17:29+00:00 CRITICAL syntax error, unexpected ';', expecting ')' in /var/www/html/dna-projects/groundcontrol_new/wp-content/themes/groundcontrol/inc/custom_functions.php on line 478

2022-03-30T07:19:00+00:00 CRITICAL syntax error, unexpected ';', expecting ')' in /var/www/html/dna-projects/groundcontrol_new/wp-content/themes/groundcontrol/inc/custom_functions.php on line 478

2022-03-30T07:19:29+00:00 CRITICAL syntax error, unexpected ';', expecting ')' in /var/www/html/dna-projects/groundcontrol_new/wp-content/themes/groundcontrol/inc/custom_functions.php on line 478

2022-03-30T07:21:00+00:00 CRITICAL syntax error, unexpected ';', expecting ')' in /var/www/html/dna-projects/groundcontrol_new/wp-content/themes/groundcontrol/inc/custom_functions.php on line 478

2022-03-30T07:21:29+00:00 CRITICAL syntax error, unexpected ';', expecting ')' in /var/www/html/dna-projects/groundcontrol_new/wp-content/themes/groundcontrol/inc/custom_functions.php on line 478

2022-03-30T07:22:37+00:00 CRITICAL syntax error, unexpected ';', expecting ')' in /var/www/html/dna-projects/groundcontrol_new/wp-content/themes/groundcontrol/inc/custom_functions.php on line 478

2022-03-30T07:22:37+00:00 CRITICAL syntax error, unexpected ';', expecting ')' in /var/www/html/dna-projects/groundcontrol_new/wp-content/themes/groundcontrol/inc/custom_functions.php on line 478

2022-03-30T07:22:42+00:00 CRITICAL syntax error, unexpected ';', expecting ')' in /var/www/html/dna-projects/groundcontrol_new/wp-content/themes/groundcontrol/inc/custom_functions.php on line 478

2022-03-30T07:22:42+00:00 CRITICAL syntax error, unexpected ';', expecting ')' in /var/www/html/dna-projects/groundcontrol_new/wp-content/themes/groundcontrol/inc/custom_functions.php on line 478

2022-03-30T07:22:43+00:00 CRITICAL syntax error, unexpected ';', expecting ')' in /var/www/html/dna-projects/groundcontrol_new/wp-content/themes/groundcontrol/inc/custom_functions.php on line 478

2022-03-30T07:22:43+00:00 CRITICAL syntax error, unexpected ';', expecting ')' in /var/www/html/dna-projects/groundcontrol_new/wp-content/themes/groundcontrol/inc/custom_functions.php on line 478

2022-03-30T07:22:43+00:00 CRITICAL syntax error, unexpected ';', expecting ')' in /var/www/html/dna-projects/groundcontrol_new/wp-content/themes/groundcontrol/inc/custom_functions.php on line 478

2022-03-30T07:22:43+00:00 CRITICAL syntax error, unexpected ';', expecting ')' in /var/www/html/dna-projects/groundcontrol_new/wp-content/themes/groundcontrol/inc/custom_functions.php on line 478

2022-03-30T07:22:43+00:00 CRITICAL syntax error, unexpected ';', expecting ')' in /var/www/html/dna-projects/groundcontrol_new/wp-content/themes/groundcontrol/inc/custom_functions.php on line 478

2022-03-30T07:22:43+00:00 CRITICAL syntax error, unexpected ';', expecting ')' in /var/www/html/dna-projects/groundcontrol_new/wp-content/themes/groundcontrol/inc/custom_functions.php on line 478

2022-03-30T07:22:44+00:00 CRITICAL syntax error, unexpected ';', expecting ')' in /var/www/html/dna-projects/groundcontrol_new/wp-content/themes/groundcontrol/inc/custom_functions.php on line 478

2022-03-30T07:22:44+00:00 CRITICAL syntax error, unexpected ';', expecting ')' in /var/www/html/dna-projects/groundcontrol_new/wp-content/themes/groundcontrol/inc/custom_functions.php on line 478

2022-03-30T07:22:44+00:00 CRITICAL syntax error, unexpected ';', expecting ')' in /var/www/html/dna-projects/groundcontrol_new/wp-content/themes/groundcontrol/inc/custom_functions.php on line 478

2022-03-30T07:22:44+00:00 CRITICAL syntax error, unexpected ';', expecting ')' in /var/www/html/dna-projects/groundcontrol_new/wp-content/themes/groundcontrol/inc/custom_functions.php on line 478

2022-03-30T07:22:50+00:00 CRITICAL syntax error, unexpected ';', expecting ')' in /var/www/html/dna-projects/groundcontrol_new/wp-content/themes/groundcontrol/inc/custom_functions.php on line 478

2022-03-30T07:23:00+00:00 CRITICAL syntax error, unexpected ';', expecting ')' in /var/www/html/dna-projects/groundcontrol_new/wp-content/themes/groundcontrol/inc/custom_functions.php on line 478

2022-03-30T07:23:29+00:00 CRITICAL syntax error, unexpected ';', expecting ')' in /var/www/html/dna-projects/groundcontrol_new/wp-content/themes/groundcontrol/inc/custom_functions.php on line 478

2022-03-30T07:24:10+00:00 CRITICAL syntax error, unexpected ';', expecting ')' in /var/www/html/dna-projects/groundcontrol_new/wp-content/themes/groundcontrol/inc/custom_functions.php on line 478

2022-03-30T07:25:00+00:00 CRITICAL syntax error, unexpected ';', expecting ')' in /var/www/html/dna-projects/groundcontrol_new/wp-content/themes/groundcontrol/inc/custom_functions.php on line 478

2022-03-30T07:25:29+00:00 CRITICAL syntax error, unexpected ';', expecting ')' in /var/www/html/dna-projects/groundcontrol_new/wp-content/themes/groundcontrol/inc/custom_functions.php on line 478

2022-03-30T11:51:56+00:00 CRITICAL Allowed memory size of 134217728 bytes exhausted (tried to allocate 1425408 bytes) in /var/www/html/dna-projects/groundcontrol_new/wp-content/themes/groundcontrol/inc/searchwp/lib/vendor/smalot/pdfparser/src/Smalot/PdfParser/RawData/RawDataParser.php on line 668

2022-03-30T11:52:25+00:00 CRITICAL Allowed memory size of 134217728 bytes exhausted (tried to allocate 528384 bytes) in /var/www/html/dna-projects/groundcontrol_new/wp-content/themes/groundcontrol/inc/searchwp/lib/vendor/smalot/pdfparser/src/Smalot/PdfParser/Element.php on line 129

2022-03-30T12:00:18+00:00 CRITICAL Maximum execution time of 30 seconds exceeded in /var/www/html/dna-projects/groundcontrol_new/wp-content/themes/groundcontrol/inc/searchwp/lib/vendor/smalot/pdfparser/src/Smalot/PdfParser/PDFObject.php on line 159

2022-03-30T12:01:37+00:00 CRITICAL Maximum execution time of 30 seconds exceeded in /var/www/html/dna-projects/groundcontrol_new/wp-content/themes/groundcontrol/inc/searchwp/lib/vendor/smalot/pdfparser/src/Smalot/PdfParser/PDFObject.php on line 159

2022-03-30T12:04:37+00:00 CRITICAL Allowed memory size of 134217728 bytes exhausted (tried to allocate 6358691 bytes) in /var/www/html/dna-projects/groundcontrol_new/wp-content/themes/groundcontrol/inc/searchwp/lib/vendor/smalot/pdfparser/src/Smalot/PdfParser/RawData/FilterHelper.php on line 227

2022-03-30T12:04:50+00:00 CRITICAL Allowed memory size of 134217728 bytes exhausted (tried to allocate 266240 bytes) in /var/www/html/dna-projects/groundcontrol_new/wp-content/themes/groundcontrol/inc/searchwp/lib/vendor/smalot/pdfparser/src/Smalot/PdfParser/Element.php on line 137

2022-03-30T12:06:26+00:00 CRITICAL Allowed memory size of 134217728 bytes exhausted (tried to allocate 528384 bytes) in /var/www/html/dna-projects/groundcontrol_new/wp-content/themes/groundcontrol/inc/searchwp/lib/vendor/smalot/pdfparser/src/Smalot/PdfParser/Element.php on line 129

2022-03-30T12:07:41+00:00 CRITICAL Trait 'Automattic\WooCommerce\Blocks\StoreApi\Utilities\DraftOrderTrait' not found in /var/www/html/dna-projects/groundcontrol_new/wp-content/plugins/woocommerce/packages/woocommerce-blocks/src/StoreApi/Schemas/CartItemSchema.php on line 12

