2022-03-01T05:36:03+00:00 CRITICAL Allowed memory size of 134217728 bytes exhausted (tried to allocate 266240 bytes) in /var/www/html/dna-projects/groundcontrol_new/wp-content/themes/groundcontrol/inc/searchwp/lib/vendor/smalot/pdfparser/src/Smalot/PdfParser/Element.php on line 137

2022-03-01T10:15:38+00:00 CRITICAL Uncaught Error: Call to a member function get_price() on bool in /var/www/html/dna-projects/groundcontrol_new/wp-content/themes/groundcontrol/woocommerce/archive-product.php:601
Stack trace:
#0 /var/www/html/dna-projects/groundcontrol_new/wp-content/plugins/woocommerce/includes/wc-core-functions.php(345): include()
#1 /var/www/html/dna-projects/groundcontrol_new/wp-content/themes/groundcontrol/woocommerce/taxonomy-product-cat.php(22): wc_get_template()
#2 /var/www/html/dna-projects/groundcontrol_new/wp-includes/template-loader.php(106): include('/var/www/html/d...')
#3 /var/www/html/dna-projects/groundcontrol_new/wp-blog-header.php(19): require_once('/var/www/html/d...')
#4 /var/www/html/dna-projects/groundcontrol_new/index.php(17): require('/var/www/html/d...')
#5 {main}
  thrown in /var/www/html/dna-projects/groundcontrol_new/wp-content/themes/groundcontrol/woocommerce/archive-product.php on line 601

2022-03-01T10:16:41+00:00 CRITICAL Uncaught Error: Call to a member function get_price() on bool in /var/www/html/dna-projects/groundcontrol_new/wp-content/themes/groundcontrol/woocommerce/archive-product.php:601
Stack trace:
#0 /var/www/html/dna-projects/groundcontrol_new/wp-content/plugins/woocommerce/includes/wc-core-functions.php(345): include()
#1 /var/www/html/dna-projects/groundcontrol_new/wp-content/themes/groundcontrol/woocommerce/taxonomy-product-cat.php(22): wc_get_template()
#2 /var/www/html/dna-projects/groundcontrol_new/wp-includes/template-loader.php(106): include('/var/www/html/d...')
#3 /var/www/html/dna-projects/groundcontrol_new/wp-blog-header.php(19): require_once('/var/www/html/d...')
#4 /var/www/html/dna-projects/groundcontrol_new/index.php(17): require('/var/www/html/d...')
#5 {main}
  thrown in /var/www/html/dna-projects/groundcontrol_new/wp-content/themes/groundcontrol/woocommerce/archive-product.php on line 601

2022-03-01T10:17:33+00:00 CRITICAL Uncaught Error: Call to a member function get_price() on bool in /var/www/html/dna-projects/groundcontrol_new/wp-content/themes/groundcontrol/woocommerce/archive-product.php:601
Stack trace:
#0 /var/www/html/dna-projects/groundcontrol_new/wp-content/plugins/woocommerce/includes/wc-core-functions.php(345): include()
#1 /var/www/html/dna-projects/groundcontrol_new/wp-content/themes/groundcontrol/woocommerce/taxonomy-product-cat.php(22): wc_get_template()
#2 /var/www/html/dna-projects/groundcontrol_new/wp-includes/template-loader.php(106): include('/var/www/html/d...')
#3 /var/www/html/dna-projects/groundcontrol_new/wp-blog-header.php(19): require_once('/var/www/html/d...')
#4 /var/www/html/dna-projects/groundcontrol_new/index.php(17): require('/var/www/html/d...')
#5 {main}
  thrown in /var/www/html/dna-projects/groundcontrol_new/wp-content/themes/groundcontrol/woocommerce/archive-product.php on line 601

2022-03-01T10:17:53+00:00 CRITICAL Uncaught Error: Call to a member function get_price() on bool in /var/www/html/dna-projects/groundcontrol_new/wp-content/themes/groundcontrol/woocommerce/archive-product.php:601
Stack trace:
#0 /var/www/html/dna-projects/groundcontrol_new/wp-content/plugins/woocommerce/includes/wc-core-functions.php(345): include()
#1 /var/www/html/dna-projects/groundcontrol_new/wp-content/themes/groundcontrol/woocommerce/taxonomy-product-cat.php(22): wc_get_template()
#2 /var/www/html/dna-projects/groundcontrol_new/wp-includes/template-loader.php(106): include('/var/www/html/d...')
#3 /var/www/html/dna-projects/groundcontrol_new/wp-blog-header.php(19): require_once('/var/www/html/d...')
#4 /var/www/html/dna-projects/groundcontrol_new/index.php(17): require('/var/www/html/d...')
#5 {main}
  thrown in /var/www/html/dna-projects/groundcontrol_new/wp-content/themes/groundcontrol/woocommerce/archive-product.php on line 601

2022-03-01T10:20:01+00:00 CRITICAL Uncaught Error: Call to a member function get_price_html() on bool in /var/www/html/dna-projects/groundcontrol_new/wp-content/themes/groundcontrol/woocommerce/archive-product.php:632
Stack trace:
#0 /var/www/html/dna-projects/groundcontrol_new/wp-content/plugins/woocommerce/includes/wc-core-functions.php(345): include()
#1 /var/www/html/dna-projects/groundcontrol_new/wp-content/themes/groundcontrol/woocommerce/taxonomy-product-cat.php(22): wc_get_template()
#2 /var/www/html/dna-projects/groundcontrol_new/wp-includes/template-loader.php(106): include('/var/www/html/d...')
#3 /var/www/html/dna-projects/groundcontrol_new/wp-blog-header.php(19): require_once('/var/www/html/d...')
#4 /var/www/html/dna-projects/groundcontrol_new/index.php(17): require('/var/www/html/d...')
#5 {main}
  thrown in /var/www/html/dna-projects/groundcontrol_new/wp-content/themes/groundcontrol/woocommerce/archive-product.php on line 632

2022-03-01T10:20:35+00:00 CRITICAL Uncaught Error: Call to a member function get_price_html() on bool in /var/www/html/dna-projects/groundcontrol_new/wp-content/themes/groundcontrol/woocommerce/archive-product.php:632
Stack trace:
#0 /var/www/html/dna-projects/groundcontrol_new/wp-content/plugins/woocommerce/includes/wc-core-functions.php(345): include()
#1 /var/www/html/dna-projects/groundcontrol_new/wp-content/themes/groundcontrol/woocommerce/taxonomy-product-cat.php(22): wc_get_template()
#2 /var/www/html/dna-projects/groundcontrol_new/wp-includes/template-loader.php(106): include('/var/www/html/d...')
#3 /var/www/html/dna-projects/groundcontrol_new/wp-blog-header.php(19): require_once('/var/www/html/d...')
#4 /var/www/html/dna-projects/groundcontrol_new/index.php(17): require('/var/www/html/d...')
#5 {main}
  thrown in /var/www/html/dna-projects/groundcontrol_new/wp-content/themes/groundcontrol/woocommerce/archive-product.php on line 632

2022-03-01T10:24:57+00:00 CRITICAL Uncaught Error: Call to a member function get_price_html() on bool in /var/www/html/dna-projects/groundcontrol_new/wp-content/themes/groundcontrol/woocommerce/archive-product.php:637
Stack trace:
#0 /var/www/html/dna-projects/groundcontrol_new/wp-content/plugins/woocommerce/includes/wc-core-functions.php(345): include()
#1 /var/www/html/dna-projects/groundcontrol_new/wp-content/themes/groundcontrol/woocommerce/taxonomy-product-cat.php(22): wc_get_template()
#2 /var/www/html/dna-projects/groundcontrol_new/wp-includes/template-loader.php(106): include('/var/www/html/d...')
#3 /var/www/html/dna-projects/groundcontrol_new/wp-blog-header.php(19): require_once('/var/www/html/d...')
#4 /var/www/html/dna-projects/groundcontrol_new/index.php(17): require('/var/www/html/d...')
#5 {main}
  thrown in /var/www/html/dna-projects/groundcontrol_new/wp-content/themes/groundcontrol/woocommerce/archive-product.php on line 637

2022-03-01T10:25:15+00:00 CRITICAL Uncaught Error: Call to a member function get_price_html() on bool in /var/www/html/dna-projects/groundcontrol_new/wp-content/themes/groundcontrol/woocommerce/archive-product.php:637
Stack trace:
#0 /var/www/html/dna-projects/groundcontrol_new/wp-content/plugins/woocommerce/includes/wc-core-functions.php(345): include()
#1 /var/www/html/dna-projects/groundcontrol_new/wp-content/themes/groundcontrol/woocommerce/taxonomy-product-cat.php(22): wc_get_template()
#2 /var/www/html/dna-projects/groundcontrol_new/wp-includes/template-loader.php(106): include('/var/www/html/d...')
#3 /var/www/html/dna-projects/groundcontrol_new/wp-blog-header.php(19): require_once('/var/www/html/d...')
#4 /var/www/html/dna-projects/groundcontrol_new/index.php(17): require('/var/www/html/d...')
#5 {main}
  thrown in /var/www/html/dna-projects/groundcontrol_new/wp-content/themes/groundcontrol/woocommerce/archive-product.php on line 637

2022-03-01T10:25:23+00:00 CRITICAL Uncaught Error: Call to a member function get_price_html() on bool in /var/www/html/dna-projects/groundcontrol_new/wp-content/themes/groundcontrol/woocommerce/archive-product.php:637
Stack trace:
#0 /var/www/html/dna-projects/groundcontrol_new/wp-content/plugins/woocommerce/includes/wc-core-functions.php(345): include()
#1 /var/www/html/dna-projects/groundcontrol_new/wp-content/themes/groundcontrol/woocommerce/taxonomy-product-cat.php(22): wc_get_template()
#2 /var/www/html/dna-projects/groundcontrol_new/wp-includes/template-loader.php(106): include('/var/www/html/d...')
#3 /var/www/html/dna-projects/groundcontrol_new/wp-blog-header.php(19): require_once('/var/www/html/d...')
#4 /var/www/html/dna-projects/groundcontrol_new/index.php(17): require('/var/www/html/d...')
#5 {main}
  thrown in /var/www/html/dna-projects/groundcontrol_new/wp-content/themes/groundcontrol/woocommerce/archive-product.php on line 637

2022-03-01T10:25:33+00:00 CRITICAL Uncaught Error: Call to a member function get_price_html() on bool in /var/www/html/dna-projects/groundcontrol_new/wp-content/themes/groundcontrol/woocommerce/archive-product.php:637
Stack trace:
#0 /var/www/html/dna-projects/groundcontrol_new/wp-content/plugins/woocommerce/includes/wc-core-functions.php(345): include()
#1 /var/www/html/dna-projects/groundcontrol_new/wp-content/themes/groundcontrol/woocommerce/taxonomy-product-cat.php(22): wc_get_template()
#2 /var/www/html/dna-projects/groundcontrol_new/wp-includes/template-loader.php(106): include('/var/www/html/d...')
#3 /var/www/html/dna-projects/groundcontrol_new/wp-blog-header.php(19): require_once('/var/www/html/d...')
#4 /var/www/html/dna-projects/groundcontrol_new/index.php(17): require('/var/www/html/d...')
#5 {main}
  thrown in /var/www/html/dna-projects/groundcontrol_new/wp-content/themes/groundcontrol/woocommerce/archive-product.php on line 637

2022-03-01T10:25:42+00:00 CRITICAL Uncaught Error: Call to a member function get_price_html() on bool in /var/www/html/dna-projects/groundcontrol_new/wp-content/themes/groundcontrol/woocommerce/archive-product.php:637
Stack trace:
#0 /var/www/html/dna-projects/groundcontrol_new/wp-content/plugins/woocommerce/includes/wc-core-functions.php(345): include()
#1 /var/www/html/dna-projects/groundcontrol_new/wp-content/themes/groundcontrol/woocommerce/taxonomy-product-cat.php(22): wc_get_template()
#2 /var/www/html/dna-projects/groundcontrol_new/wp-includes/template-loader.php(106): include('/var/www/html/d...')
#3 /var/www/html/dna-projects/groundcontrol_new/wp-blog-header.php(19): require_once('/var/www/html/d...')
#4 /var/www/html/dna-projects/groundcontrol_new/index.php(17): require('/var/www/html/d...')
#5 {main}
  thrown in /var/www/html/dna-projects/groundcontrol_new/wp-content/themes/groundcontrol/woocommerce/archive-product.php on line 637

2022-03-01T10:25:46+00:00 CRITICAL Uncaught Error: Call to a member function get_price_html() on bool in /var/www/html/dna-projects/groundcontrol_new/wp-content/themes/groundcontrol/woocommerce/archive-product.php:637
Stack trace:
#0 /var/www/html/dna-projects/groundcontrol_new/wp-content/plugins/woocommerce/includes/wc-core-functions.php(345): include()
#1 /var/www/html/dna-projects/groundcontrol_new/wp-content/themes/groundcontrol/woocommerce/taxonomy-product-cat.php(22): wc_get_template()
#2 /var/www/html/dna-projects/groundcontrol_new/wp-includes/template-loader.php(106): include('/var/www/html/d...')
#3 /var/www/html/dna-projects/groundcontrol_new/wp-blog-header.php(19): require_once('/var/www/html/d...')
#4 /var/www/html/dna-projects/groundcontrol_new/index.php(17): require('/var/www/html/d...')
#5 {main}
  thrown in /var/www/html/dna-projects/groundcontrol_new/wp-content/themes/groundcontrol/woocommerce/archive-product.php on line 637

2022-03-01T10:26:07+00:00 CRITICAL Uncaught Error: Call to a member function get_price_html() on bool in /var/www/html/dna-projects/groundcontrol_new/wp-content/themes/groundcontrol/woocommerce/archive-product.php:637
Stack trace:
#0 /var/www/html/dna-projects/groundcontrol_new/wp-content/plugins/woocommerce/includes/wc-core-functions.php(345): include()
#1 /var/www/html/dna-projects/groundcontrol_new/wp-content/themes/groundcontrol/woocommerce/taxonomy-product-cat.php(22): wc_get_template()
#2 /var/www/html/dna-projects/groundcontrol_new/wp-includes/template-loader.php(106): include('/var/www/html/d...')
#3 /var/www/html/dna-projects/groundcontrol_new/wp-blog-header.php(19): require_once('/var/www/html/d...')
#4 /var/www/html/dna-projects/groundcontrol_new/index.php(17): require('/var/www/html/d...')
#5 {main}
  thrown in /var/www/html/dna-projects/groundcontrol_new/wp-content/themes/groundcontrol/woocommerce/archive-product.php on line 637

2022-03-01T10:26:27+00:00 CRITICAL Uncaught Error: Call to a member function get_price_html() on bool in /var/www/html/dna-projects/groundcontrol_new/wp-content/themes/groundcontrol/woocommerce/archive-product.php:635
Stack trace:
#0 /var/www/html/dna-projects/groundcontrol_new/wp-content/plugins/woocommerce/includes/wc-core-functions.php(345): include()
#1 /var/www/html/dna-projects/groundcontrol_new/wp-content/themes/groundcontrol/woocommerce/taxonomy-product-cat.php(22): wc_get_template()
#2 /var/www/html/dna-projects/groundcontrol_new/wp-includes/template-loader.php(106): include('/var/www/html/d...')
#3 /var/www/html/dna-projects/groundcontrol_new/wp-blog-header.php(19): require_once('/var/www/html/d...')
#4 /var/www/html/dna-projects/groundcontrol_new/index.php(17): require('/var/www/html/d...')
#5 {main}
  thrown in /var/www/html/dna-projects/groundcontrol_new/wp-content/themes/groundcontrol/woocommerce/archive-product.php on line 635

2022-03-01T10:27:03+00:00 CRITICAL Uncaught Error: Call to a member function get_price_html() on bool in /var/www/html/dna-projects/groundcontrol_new/wp-content/themes/groundcontrol/woocommerce/archive-product.php:635
Stack trace:
#0 /var/www/html/dna-projects/groundcontrol_new/wp-content/plugins/woocommerce/includes/wc-core-functions.php(345): include()
#1 /var/www/html/dna-projects/groundcontrol_new/wp-content/themes/groundcontrol/woocommerce/taxonomy-product-cat.php(22): wc_get_template()
#2 /var/www/html/dna-projects/groundcontrol_new/wp-includes/template-loader.php(106): include('/var/www/html/d...')
#3 /var/www/html/dna-projects/groundcontrol_new/wp-blog-header.php(19): require_once('/var/www/html/d...')
#4 /var/www/html/dna-projects/groundcontrol_new/index.php(17): require('/var/www/html/d...')
#5 {main}
  thrown in /var/www/html/dna-projects/groundcontrol_new/wp-content/themes/groundcontrol/woocommerce/archive-product.php on line 635

2022-03-01T12:22:54+00:00 CRITICAL Maximum execution time of 30 seconds exceeded in /var/www/html/dna-projects/groundcontrol_new/wp-content/themes/groundcontrol/inc/searchwp/lib/vendor/smalot/pdfparser/src/Smalot/PdfParser/PDFObject.php on line 159

2022-03-01T12:23:35+00:00 CRITICAL Allowed memory size of 134217728 bytes exhausted (tried to allocate 634880 bytes) in /var/www/html/dna-projects/groundcontrol_new/wp-content/themes/groundcontrol/inc/searchwp/lib/vendor/smalot/pdfparser/src/Smalot/PdfParser/RawData/RawDataParser.php on line 668

