2022-02-24T06:35:07+00:00 CRITICAL Uncaught Error: Call to a member function get_price_html() on bool in /var/www/html/dna-projects/groundcontrol_new/wp-content/themes/groundcontrol/inc/general_functions.php:977
Stack trace:
#0 /var/www/html/dna-projects/groundcontrol_new/wp-content/themes/groundcontrol/template-parts/page-inner.php(43): general_acf_mast_module_featured_product_group()
#1 /var/www/html/dna-projects/groundcontrol_new/wp-includes/template-loader.php(106): include('/var/www/html/d...')
#2 /var/www/html/dna-projects/groundcontrol_new/wp-blog-header.php(19): require_once('/var/www/html/d...')
#3 /var/www/html/dna-projects/groundcontrol_new/index.php(17): require('/var/www/html/d...')
#4 {main}
  thrown in /var/www/html/dna-projects/groundcontrol_new/wp-content/themes/groundcontrol/inc/general_functions.php on line 977

2022-02-24T07:27:22+00:00 CRITICAL Uncaught Error: Call to a member function get_price_html() on bool in /var/www/html/dna-projects/groundcontrol_new/wp-content/themes/groundcontrol/inc/general_functions.php:977
Stack trace:
#0 /var/www/html/dna-projects/groundcontrol_new/wp-content/themes/groundcontrol/template-parts/page-inner.php(43): general_acf_mast_module_featured_product_group()
#1 /var/www/html/dna-projects/groundcontrol_new/wp-includes/template-loader.php(106): include('/var/www/html/d...')
#2 /var/www/html/dna-projects/groundcontrol_new/wp-blog-header.php(19): require_once('/var/www/html/d...')
#3 /var/www/html/dna-projects/groundcontrol_new/index.php(17): require('/var/www/html/d...')
#4 {main}
  thrown in /var/www/html/dna-projects/groundcontrol_new/wp-content/themes/groundcontrol/inc/general_functions.php on line 977

2022-02-24T07:30:28+00:00 CRITICAL Uncaught Error: Call to a member function get_price_html() on bool in /var/www/html/dna-projects/groundcontrol_new/wp-content/themes/groundcontrol/inc/general_functions.php:936
Stack trace:
#0 /var/www/html/dna-projects/groundcontrol_new/wp-content/themes/groundcontrol/single-solutions.php(49): general_acf_mast_module_featured_product_group()
#1 /var/www/html/dna-projects/groundcontrol_new/wp-includes/template-loader.php(106): include('/var/www/html/d...')
#2 /var/www/html/dna-projects/groundcontrol_new/wp-blog-header.php(19): require_once('/var/www/html/d...')
#3 /var/www/html/dna-projects/groundcontrol_new/index.php(17): require('/var/www/html/d...')
#4 {main}
  thrown in /var/www/html/dna-projects/groundcontrol_new/wp-content/themes/groundcontrol/inc/general_functions.php on line 936

2022-02-24T08:30:35+00:00 CRITICAL Uncaught Error: Call to a member function get_price_html() on bool in /var/www/html/dna-projects/groundcontrol_new/wp-content/themes/groundcontrol/inc/general_functions.php:936
Stack trace:
#0 /var/www/html/dna-projects/groundcontrol_new/wp-content/themes/groundcontrol/single-markets.php(37): general_acf_mast_module_featured_product_group()
#1 /var/www/html/dna-projects/groundcontrol_new/wp-includes/template-loader.php(106): include('/var/www/html/d...')
#2 /var/www/html/dna-projects/groundcontrol_new/wp-blog-header.php(19): require_once('/var/www/html/d...')
#3 /var/www/html/dna-projects/groundcontrol_new/index.php(17): require('/var/www/html/d...')
#4 {main}
  thrown in /var/www/html/dna-projects/groundcontrol_new/wp-content/themes/groundcontrol/inc/general_functions.php on line 936

2022-02-24T08:38:27+00:00 CRITICAL Uncaught Error: Call to a member function get_price_html() on bool in /var/www/html/dna-projects/groundcontrol_new/wp-content/themes/groundcontrol/inc/general_functions.php:936
Stack trace:
#0 /var/www/html/dna-projects/groundcontrol_new/wp-content/themes/groundcontrol/single-markets.php(37): general_acf_mast_module_featured_product_group()
#1 /var/www/html/dna-projects/groundcontrol_new/wp-includes/template-loader.php(106): include('/var/www/html/d...')
#2 /var/www/html/dna-projects/groundcontrol_new/wp-blog-header.php(19): require_once('/var/www/html/d...')
#3 /var/www/html/dna-projects/groundcontrol_new/index.php(17): require('/var/www/html/d...')
#4 {main}
  thrown in /var/www/html/dna-projects/groundcontrol_new/wp-content/themes/groundcontrol/inc/general_functions.php on line 936

2022-02-24T08:48:50+00:00 CRITICAL Uncaught Error: Call to a member function get_price_html() on bool in /var/www/html/dna-projects/groundcontrol_new/wp-content/themes/groundcontrol/inc/general_functions.php:936
Stack trace:
#0 /var/www/html/dna-projects/groundcontrol_new/wp-content/themes/groundcontrol/single-markets.php(37): general_acf_mast_module_featured_product_group()
#1 /var/www/html/dna-projects/groundcontrol_new/wp-includes/template-loader.php(106): include('/var/www/html/d...')
#2 /var/www/html/dna-projects/groundcontrol_new/wp-blog-header.php(19): require_once('/var/www/html/d...')
#3 /var/www/html/dna-projects/groundcontrol_new/index.php(17): require('/var/www/html/d...')
#4 {main}
  thrown in /var/www/html/dna-projects/groundcontrol_new/wp-content/themes/groundcontrol/inc/general_functions.php on line 936

2022-02-24T09:01:29+00:00 CRITICAL Uncaught Error: Call to a member function get_queried_object() on null in /var/www/html/dna-projects/groundcontrol_new/wp-content/themes/groundcontrol/woocommerce/archive-product.php:3
Stack trace:
#0 /var/www/html/dna-projects/groundcontrol_new/wp-content/plugins/woocommerce/includes/wc-core-functions.php(345): include()
#1 /var/www/html/dna-projects/groundcontrol_new/wp-content/themes/groundcontrol/woocommerce/taxonomy-product-cat.php(22): wc_get_template()
#2 /var/www/html/dna-projects/groundcontrol_new/wp-includes/template-loader.php(106): include('/var/www/html/d...')
#3 /var/www/html/dna-projects/groundcontrol_new/wp-blog-header.php(19): require_once('/var/www/html/d...')
#4 /var/www/html/dna-projects/groundcontrol_new/index.php(17): require('/var/www/html/d...')
#5 {main}
  thrown in /var/www/html/dna-projects/groundcontrol_new/wp-content/themes/groundcontrol/woocommerce/archive-product.php on line 3

2022-02-24T09:38:26+00:00 CRITICAL Uncaught Error: Call to a member function get_price_html() on bool in /var/www/html/dna-projects/groundcontrol_new/wp-content/themes/groundcontrol/inc/general_functions.php:936
Stack trace:
#0 /var/www/html/dna-projects/groundcontrol_new/wp-content/themes/groundcontrol/single-markets.php(37): general_acf_mast_module_featured_product_group()
#1 /var/www/html/dna-projects/groundcontrol_new/wp-includes/template-loader.php(106): include('/var/www/html/d...')
#2 /var/www/html/dna-projects/groundcontrol_new/wp-blog-header.php(19): require_once('/var/www/html/d...')
#3 /var/www/html/dna-projects/groundcontrol_new/index.php(17): require('/var/www/html/d...')
#4 {main}
  thrown in /var/www/html/dna-projects/groundcontrol_new/wp-content/themes/groundcontrol/inc/general_functions.php on line 936

2022-02-24T09:39:11+00:00 CRITICAL Uncaught Error: Call to a member function get_price_html() on bool in /var/www/html/dna-projects/groundcontrol_new/wp-content/themes/groundcontrol/inc/general_functions.php:936
Stack trace:
#0 /var/www/html/dna-projects/groundcontrol_new/wp-content/themes/groundcontrol/single-markets.php(37): general_acf_mast_module_featured_product_group()
#1 /var/www/html/dna-projects/groundcontrol_new/wp-includes/template-loader.php(106): include('/var/www/html/d...')
#2 /var/www/html/dna-projects/groundcontrol_new/wp-blog-header.php(19): require_once('/var/www/html/d...')
#3 /var/www/html/dna-projects/groundcontrol_new/index.php(17): require('/var/www/html/d...')
#4 {main}
  thrown in /var/www/html/dna-projects/groundcontrol_new/wp-content/themes/groundcontrol/inc/general_functions.php on line 936

2022-02-24T09:42:04+00:00 CRITICAL Uncaught Error: Call to a member function get_price_html() on bool in /var/www/html/dna-projects/groundcontrol_new/wp-content/themes/groundcontrol/inc/general_functions.php:936
Stack trace:
#0 /var/www/html/dna-projects/groundcontrol_new/wp-content/themes/groundcontrol/single-markets.php(37): general_acf_mast_module_featured_product_group()
#1 /var/www/html/dna-projects/groundcontrol_new/wp-includes/template-loader.php(106): include('/var/www/html/d...')
#2 /var/www/html/dna-projects/groundcontrol_new/wp-blog-header.php(19): require_once('/var/www/html/d...')
#3 /var/www/html/dna-projects/groundcontrol_new/index.php(17): require('/var/www/html/d...')
#4 {main}
  thrown in /var/www/html/dna-projects/groundcontrol_new/wp-content/themes/groundcontrol/inc/general_functions.php on line 936

2022-02-24T09:42:27+00:00 CRITICAL Uncaught Error: Call to a member function get_price_html() on bool in /var/www/html/dna-projects/groundcontrol_new/wp-content/themes/groundcontrol/inc/general_functions.php:936
Stack trace:
#0 /var/www/html/dna-projects/groundcontrol_new/wp-content/themes/groundcontrol/single-markets.php(37): general_acf_mast_module_featured_product_group()
#1 /var/www/html/dna-projects/groundcontrol_new/wp-includes/template-loader.php(106): include('/var/www/html/d...')
#2 /var/www/html/dna-projects/groundcontrol_new/wp-blog-header.php(19): require_once('/var/www/html/d...')
#3 /var/www/html/dna-projects/groundcontrol_new/index.php(17): require('/var/www/html/d...')
#4 {main}
  thrown in /var/www/html/dna-projects/groundcontrol_new/wp-content/themes/groundcontrol/inc/general_functions.php on line 936

2022-02-24T09:42:34+00:00 CRITICAL Uncaught Error: Call to a member function get_price_html() on bool in /var/www/html/dna-projects/groundcontrol_new/wp-content/themes/groundcontrol/inc/general_functions.php:936
Stack trace:
#0 /var/www/html/dna-projects/groundcontrol_new/wp-content/themes/groundcontrol/single-markets.php(37): general_acf_mast_module_featured_product_group()
#1 /var/www/html/dna-projects/groundcontrol_new/wp-includes/template-loader.php(106): include('/var/www/html/d...')
#2 /var/www/html/dna-projects/groundcontrol_new/wp-blog-header.php(19): require_once('/var/www/html/d...')
#3 /var/www/html/dna-projects/groundcontrol_new/index.php(17): require('/var/www/html/d...')
#4 {main}
  thrown in /var/www/html/dna-projects/groundcontrol_new/wp-content/themes/groundcontrol/inc/general_functions.php on line 936

2022-02-24T09:42:53+00:00 CRITICAL Uncaught Error: Call to a member function get_price_html() on bool in /var/www/html/dna-projects/groundcontrol_new/wp-content/themes/groundcontrol/inc/general_functions.php:936
Stack trace:
#0 /var/www/html/dna-projects/groundcontrol_new/wp-content/themes/groundcontrol/single-markets.php(37): general_acf_mast_module_featured_product_group()
#1 /var/www/html/dna-projects/groundcontrol_new/wp-includes/template-loader.php(106): include('/var/www/html/d...')
#2 /var/www/html/dna-projects/groundcontrol_new/wp-blog-header.php(19): require_once('/var/www/html/d...')
#3 /var/www/html/dna-projects/groundcontrol_new/index.php(17): require('/var/www/html/d...')
#4 {main}
  thrown in /var/www/html/dna-projects/groundcontrol_new/wp-content/themes/groundcontrol/inc/general_functions.php on line 936

2022-02-24T09:42:57+00:00 CRITICAL Uncaught Error: Call to a member function get_price_html() on bool in /var/www/html/dna-projects/groundcontrol_new/wp-content/themes/groundcontrol/inc/general_functions.php:936
Stack trace:
#0 /var/www/html/dna-projects/groundcontrol_new/wp-content/themes/groundcontrol/single-markets.php(37): general_acf_mast_module_featured_product_group()
#1 /var/www/html/dna-projects/groundcontrol_new/wp-includes/template-loader.php(106): include('/var/www/html/d...')
#2 /var/www/html/dna-projects/groundcontrol_new/wp-blog-header.php(19): require_once('/var/www/html/d...')
#3 /var/www/html/dna-projects/groundcontrol_new/index.php(17): require('/var/www/html/d...')
#4 {main}
  thrown in /var/www/html/dna-projects/groundcontrol_new/wp-content/themes/groundcontrol/inc/general_functions.php on line 936

2022-02-24T09:44:18+00:00 CRITICAL Uncaught Error: Call to a member function get_price_html() on bool in /var/www/html/dna-projects/groundcontrol_new/wp-content/themes/groundcontrol/inc/general_functions.php:936
Stack trace:
#0 /var/www/html/dna-projects/groundcontrol_new/wp-content/themes/groundcontrol/single-markets.php(37): general_acf_mast_module_featured_product_group()
#1 /var/www/html/dna-projects/groundcontrol_new/wp-includes/template-loader.php(106): include('/var/www/html/d...')
#2 /var/www/html/dna-projects/groundcontrol_new/wp-blog-header.php(19): require_once('/var/www/html/d...')
#3 /var/www/html/dna-projects/groundcontrol_new/index.php(17): require('/var/www/html/d...')
#4 {main}
  thrown in /var/www/html/dna-projects/groundcontrol_new/wp-content/themes/groundcontrol/inc/general_functions.php on line 936

2022-02-24T09:45:42+00:00 CRITICAL Uncaught Error: Call to a member function get_price_html() on bool in /var/www/html/dna-projects/groundcontrol_new/wp-content/themes/groundcontrol/inc/general_functions.php:936
Stack trace:
#0 /var/www/html/dna-projects/groundcontrol_new/wp-content/themes/groundcontrol/single-markets.php(37): general_acf_mast_module_featured_product_group()
#1 /var/www/html/dna-projects/groundcontrol_new/wp-includes/template-loader.php(106): include('/var/www/html/d...')
#2 /var/www/html/dna-projects/groundcontrol_new/wp-blog-header.php(19): require_once('/var/www/html/d...')
#3 /var/www/html/dna-projects/groundcontrol_new/index.php(17): require('/var/www/html/d...')
#4 {main}
  thrown in /var/www/html/dna-projects/groundcontrol_new/wp-content/themes/groundcontrol/inc/general_functions.php on line 936

2022-02-24T10:00:44+00:00 CRITICAL Uncaught Error: Call to a member function get_price_html() on bool in /var/www/html/dna-projects/groundcontrol_new/wp-content/themes/groundcontrol/inc/general_functions.php:936
Stack trace:
#0 /var/www/html/dna-projects/groundcontrol_new/wp-content/themes/groundcontrol/single-solutions.php(49): general_acf_mast_module_featured_product_group()
#1 /var/www/html/dna-projects/groundcontrol_new/wp-includes/template-loader.php(106): include('/var/www/html/d...')
#2 /var/www/html/dna-projects/groundcontrol_new/wp-blog-header.php(19): require_once('/var/www/html/d...')
#3 /var/www/html/dna-projects/groundcontrol_new/index.php(17): require('/var/www/html/d...')
#4 {main}
  thrown in /var/www/html/dna-projects/groundcontrol_new/wp-content/themes/groundcontrol/inc/general_functions.php on line 936

2022-02-24T10:07:57+00:00 CRITICAL Uncaught Error: Call to a member function get_price_html() on bool in /var/www/html/dna-projects/groundcontrol_new/wp-content/themes/groundcontrol/inc/general_functions.php:936
Stack trace:
#0 /var/www/html/dna-projects/groundcontrol_new/wp-content/themes/groundcontrol/single-solutions.php(49): general_acf_mast_module_featured_product_group()
#1 /var/www/html/dna-projects/groundcontrol_new/wp-includes/template-loader.php(106): include('/var/www/html/d...')
#2 /var/www/html/dna-projects/groundcontrol_new/wp-blog-header.php(19): require_once('/var/www/html/d...')
#3 /var/www/html/dna-projects/groundcontrol_new/index.php(17): require('/var/www/html/d...')
#4 {main}
  thrown in /var/www/html/dna-projects/groundcontrol_new/wp-content/themes/groundcontrol/inc/general_functions.php on line 936

2022-02-24T10:16:57+00:00 CRITICAL Uncaught Error: Call to a member function get_price_html() on bool in /var/www/html/dna-projects/groundcontrol_new/wp-content/themes/groundcontrol/inc/general_functions.php:936
Stack trace:
#0 /var/www/html/dna-projects/groundcontrol_new/wp-content/themes/groundcontrol/single-solutions.php(49): general_acf_mast_module_featured_product_group()
#1 /var/www/html/dna-projects/groundcontrol_new/wp-includes/template-loader.php(106): include('/var/www/html/d...')
#2 /var/www/html/dna-projects/groundcontrol_new/wp-blog-header.php(19): require_once('/var/www/html/d...')
#3 /var/www/html/dna-projects/groundcontrol_new/index.php(17): require('/var/www/html/d...')
#4 {main}
  thrown in /var/www/html/dna-projects/groundcontrol_new/wp-content/themes/groundcontrol/inc/general_functions.php on line 936

2022-02-24T10:18:45+00:00 CRITICAL Uncaught Error: Call to a member function get_price_html() on bool in /var/www/html/dna-projects/groundcontrol_new/wp-content/themes/groundcontrol/inc/general_functions.php:936
Stack trace:
#0 /var/www/html/dna-projects/groundcontrol_new/wp-content/themes/groundcontrol/single-markets.php(37): general_acf_mast_module_featured_product_group()
#1 /var/www/html/dna-projects/groundcontrol_new/wp-includes/template-loader.php(106): include('/var/www/html/d...')
#2 /var/www/html/dna-projects/groundcontrol_new/wp-blog-header.php(19): require_once('/var/www/html/d...')
#3 /var/www/html/dna-projects/groundcontrol_new/index.php(17): require('/var/www/html/d...')
#4 {main}
  thrown in /var/www/html/dna-projects/groundcontrol_new/wp-content/themes/groundcontrol/inc/general_functions.php on line 936

2022-02-24T10:20:41+00:00 CRITICAL Uncaught Error: Call to a member function get_price_html() on bool in /var/www/html/dna-projects/groundcontrol_new/wp-content/themes/groundcontrol/inc/general_functions.php:936
Stack trace:
#0 /var/www/html/dna-projects/groundcontrol_new/wp-content/themes/groundcontrol/single-solutions.php(49): general_acf_mast_module_featured_product_group()
#1 /var/www/html/dna-projects/groundcontrol_new/wp-includes/template-loader.php(106): include('/var/www/html/d...')
#2 /var/www/html/dna-projects/groundcontrol_new/wp-blog-header.php(19): require_once('/var/www/html/d...')
#3 /var/www/html/dna-projects/groundcontrol_new/index.php(17): require('/var/www/html/d...')
#4 {main}
  thrown in /var/www/html/dna-projects/groundcontrol_new/wp-content/themes/groundcontrol/inc/general_functions.php on line 936

2022-02-24T10:31:43+00:00 CRITICAL Uncaught Error: Call to a member function get_price_html() on bool in /var/www/html/dna-projects/groundcontrol_new/wp-content/themes/groundcontrol/inc/general_functions.php:936
Stack trace:
#0 /var/www/html/dna-projects/groundcontrol_new/wp-content/themes/groundcontrol/single-solutions.php(49): general_acf_mast_module_featured_product_group()
#1 /var/www/html/dna-projects/groundcontrol_new/wp-includes/template-loader.php(106): include('/var/www/html/d...')
#2 /var/www/html/dna-projects/groundcontrol_new/wp-blog-header.php(19): require_once('/var/www/html/d...')
#3 /var/www/html/dna-projects/groundcontrol_new/index.php(17): require('/var/www/html/d...')
#4 {main}
  thrown in /var/www/html/dna-projects/groundcontrol_new/wp-content/themes/groundcontrol/inc/general_functions.php on line 936

2022-02-24T10:38:08+00:00 CRITICAL Uncaught Error: Call to a member function get_price_html() on bool in /var/www/html/dna-projects/groundcontrol_new/wp-content/themes/groundcontrol/inc/general_functions.php:936
Stack trace:
#0 /var/www/html/dna-projects/groundcontrol_new/wp-content/themes/groundcontrol/single-solutions.php(49): general_acf_mast_module_featured_product_group()
#1 /var/www/html/dna-projects/groundcontrol_new/wp-includes/template-loader.php(106): include('/var/www/html/d...')
#2 /var/www/html/dna-projects/groundcontrol_new/wp-blog-header.php(19): require_once('/var/www/html/d...')
#3 /var/www/html/dna-projects/groundcontrol_new/index.php(17): require('/var/www/html/d...')
#4 {main}
  thrown in /var/www/html/dna-projects/groundcontrol_new/wp-content/themes/groundcontrol/inc/general_functions.php on line 936

2022-02-24T10:50:10+00:00 CRITICAL Uncaught Error: Call to a member function get_price_html() on bool in /var/www/html/dna-projects/groundcontrol_new/wp-content/themes/groundcontrol/inc/general_functions.php:977
Stack trace:
#0 /var/www/html/dna-projects/groundcontrol_new/wp-content/themes/groundcontrol/template-parts/page-inner.php(43): general_acf_mast_module_featured_product_group()
#1 /var/www/html/dna-projects/groundcontrol_new/wp-includes/template-loader.php(106): include('/var/www/html/d...')
#2 /var/www/html/dna-projects/groundcontrol_new/wp-blog-header.php(19): require_once('/var/www/html/d...')
#3 /var/www/html/dna-projects/groundcontrol_new/index.php(17): require('/var/www/html/d...')
#4 {main}
  thrown in /var/www/html/dna-projects/groundcontrol_new/wp-content/themes/groundcontrol/inc/general_functions.php on line 977

2022-02-24T11:34:38+00:00 CRITICAL Uncaught Error: Call to a member function get_price_html() on bool in /var/www/html/dna-projects/groundcontrol_new/wp-content/themes/groundcontrol/inc/general_functions.php:936
Stack trace:
#0 /var/www/html/dna-projects/groundcontrol_new/wp-content/themes/groundcontrol/single-markets.php(37): general_acf_mast_module_featured_product_group()
#1 /var/www/html/dna-projects/groundcontrol_new/wp-includes/template-loader.php(106): include('/var/www/html/d...')
#2 /var/www/html/dna-projects/groundcontrol_new/wp-blog-header.php(19): require_once('/var/www/html/d...')
#3 /var/www/html/dna-projects/groundcontrol_new/index.php(17): require('/var/www/html/d...')
#4 {main}
  thrown in /var/www/html/dna-projects/groundcontrol_new/wp-content/themes/groundcontrol/inc/general_functions.php on line 936

2022-02-24T11:44:30+00:00 CRITICAL Uncaught Error: Call to a member function get_price_html() on bool in /var/www/html/dna-projects/groundcontrol_new/wp-content/themes/groundcontrol/inc/general_functions.php:936
Stack trace:
#0 /var/www/html/dna-projects/groundcontrol_new/wp-content/themes/groundcontrol/single-solutions.php(49): general_acf_mast_module_featured_product_group()
#1 /var/www/html/dna-projects/groundcontrol_new/wp-includes/template-loader.php(106): include('/var/www/html/d...')
#2 /var/www/html/dna-projects/groundcontrol_new/wp-blog-header.php(19): require_once('/var/www/html/d...')
#3 /var/www/html/dna-projects/groundcontrol_new/index.php(17): require('/var/www/html/d...')
#4 {main}
  thrown in /var/www/html/dna-projects/groundcontrol_new/wp-content/themes/groundcontrol/inc/general_functions.php on line 936

2022-02-24T11:48:41+00:00 CRITICAL Uncaught Error: Call to a member function get_price_html() on bool in /var/www/html/dna-projects/groundcontrol_new/wp-content/themes/groundcontrol/inc/general_functions.php:936
Stack trace:
#0 /var/www/html/dna-projects/groundcontrol_new/wp-content/themes/groundcontrol/single-markets.php(37): general_acf_mast_module_featured_product_group()
#1 /var/www/html/dna-projects/groundcontrol_new/wp-includes/template-loader.php(106): include('/var/www/html/d...')
#2 /var/www/html/dna-projects/groundcontrol_new/wp-blog-header.php(19): require_once('/var/www/html/d...')
#3 /var/www/html/dna-projects/groundcontrol_new/index.php(17): require('/var/www/html/d...')
#4 {main}
  thrown in /var/www/html/dna-projects/groundcontrol_new/wp-content/themes/groundcontrol/inc/general_functions.php on line 936

2022-02-24T11:56:25+00:00 CRITICAL Uncaught Error: Call to a member function get_price_html() on bool in /var/www/html/dna-projects/groundcontrol_new/wp-content/themes/groundcontrol/inc/general_functions.php:936
Stack trace:
#0 /var/www/html/dna-projects/groundcontrol_new/wp-content/themes/groundcontrol/single-solutions.php(49): general_acf_mast_module_featured_product_group()
#1 /var/www/html/dna-projects/groundcontrol_new/wp-includes/template-loader.php(106): include('/var/www/html/d...')
#2 /var/www/html/dna-projects/groundcontrol_new/wp-blog-header.php(19): require_once('/var/www/html/d...')
#3 /var/www/html/dna-projects/groundcontrol_new/index.php(17): require('/var/www/html/d...')
#4 {main}
  thrown in /var/www/html/dna-projects/groundcontrol_new/wp-content/themes/groundcontrol/inc/general_functions.php on line 936

2022-02-24T11:56:33+00:00 CRITICAL Uncaught Error: Call to a member function get_price_html() on bool in /var/www/html/dna-projects/groundcontrol_new/wp-content/themes/groundcontrol/inc/general_functions.php:936
Stack trace:
#0 /var/www/html/dna-projects/groundcontrol_new/wp-content/themes/groundcontrol/single-solutions.php(49): general_acf_mast_module_featured_product_group()
#1 /var/www/html/dna-projects/groundcontrol_new/wp-includes/template-loader.php(106): include('/var/www/html/d...')
#2 /var/www/html/dna-projects/groundcontrol_new/wp-blog-header.php(19): require_once('/var/www/html/d...')
#3 /var/www/html/dna-projects/groundcontrol_new/index.php(17): require('/var/www/html/d...')
#4 {main}
  thrown in /var/www/html/dna-projects/groundcontrol_new/wp-content/themes/groundcontrol/inc/general_functions.php on line 936

2022-02-24T11:57:03+00:00 CRITICAL Uncaught Error: Call to a member function get_price_html() on bool in /var/www/html/dna-projects/groundcontrol_new/wp-content/themes/groundcontrol/inc/general_functions.php:936
Stack trace:
#0 /var/www/html/dna-projects/groundcontrol_new/wp-content/themes/groundcontrol/single-markets.php(37): general_acf_mast_module_featured_product_group()
#1 /var/www/html/dna-projects/groundcontrol_new/wp-includes/template-loader.php(106): include('/var/www/html/d...')
#2 /var/www/html/dna-projects/groundcontrol_new/wp-blog-header.php(19): require_once('/var/www/html/d...')
#3 /var/www/html/dna-projects/groundcontrol_new/index.php(17): require('/var/www/html/d...')
#4 {main}
  thrown in /var/www/html/dna-projects/groundcontrol_new/wp-content/themes/groundcontrol/inc/general_functions.php on line 936

2022-02-24T11:57:51+00:00 CRITICAL Uncaught Error: Call to a member function get_price_html() on bool in /var/www/html/dna-projects/groundcontrol_new/wp-content/themes/groundcontrol/inc/general_functions.php:936
Stack trace:
#0 /var/www/html/dna-projects/groundcontrol_new/wp-content/themes/groundcontrol/single-markets.php(37): general_acf_mast_module_featured_product_group()
#1 /var/www/html/dna-projects/groundcontrol_new/wp-includes/template-loader.php(106): include('/var/www/html/d...')
#2 /var/www/html/dna-projects/groundcontrol_new/wp-blog-header.php(19): require_once('/var/www/html/d...')
#3 /var/www/html/dna-projects/groundcontrol_new/index.php(17): require('/var/www/html/d...')
#4 {main}
  thrown in /var/www/html/dna-projects/groundcontrol_new/wp-content/themes/groundcontrol/inc/general_functions.php on line 936

2022-02-24T12:00:15+00:00 CRITICAL Uncaught Error: Call to a member function get_price_html() on bool in /var/www/html/dna-projects/groundcontrol_new/wp-content/themes/groundcontrol/inc/general_functions.php:936
Stack trace:
#0 /var/www/html/dna-projects/groundcontrol_new/wp-content/themes/groundcontrol/single-markets.php(37): general_acf_mast_module_featured_product_group()
#1 /var/www/html/dna-projects/groundcontrol_new/wp-includes/template-loader.php(106): include('/var/www/html/d...')
#2 /var/www/html/dna-projects/groundcontrol_new/wp-blog-header.php(19): require_once('/var/www/html/d...')
#3 /var/www/html/dna-projects/groundcontrol_new/index.php(17): require('/var/www/html/d...')
#4 {main}
  thrown in /var/www/html/dna-projects/groundcontrol_new/wp-content/themes/groundcontrol/inc/general_functions.php on line 936

2022-02-24T12:01:15+00:00 CRITICAL Uncaught Error: Call to a member function get_price_html() on bool in /var/www/html/dna-projects/groundcontrol_new/wp-content/themes/groundcontrol/inc/general_functions.php:936
Stack trace:
#0 /var/www/html/dna-projects/groundcontrol_new/wp-content/themes/groundcontrol/single-markets.php(37): general_acf_mast_module_featured_product_group()
#1 /var/www/html/dna-projects/groundcontrol_new/wp-includes/template-loader.php(106): include('/var/www/html/d...')
#2 /var/www/html/dna-projects/groundcontrol_new/wp-blog-header.php(19): require_once('/var/www/html/d...')
#3 /var/www/html/dna-projects/groundcontrol_new/index.php(17): require('/var/www/html/d...')
#4 {main}
  thrown in /var/www/html/dna-projects/groundcontrol_new/wp-content/themes/groundcontrol/inc/general_functions.php on line 936

